2025-06-03 10:45:43,495 - INFO - ###### Production Model Details ######
2025-06-03 10:45:43,495 - INFO - ########################################
2025-06-03 10:45:43,495 - INFO - Model Name: Global_Best_Model
2025-06-03 10:45:43,495 - INFO - Version: 21
2025-06-03 10:45:43,495 - INFO - Run ID: 277a2921a6fd4e5ab07d0e5f49f68bff
2025-06-03 10:45:43,495 - INFO - Registered At: 2025-06-03 08:42:40.235000
2025-06-03 10:45:43,495 - INFO - Validation Accuracy: 0.9773499433748585
2025-06-03 10:45:43,495 - INFO - 
Metrics:
2025-06-03 10:45:43,495 - INFO - - validation_roc_auc: 0.9774744237643289
2025-06-03 10:45:43,495 - INFO - - test_precision: 0.9373423662367898
2025-06-03 10:45:43,495 - INFO - - validation_recall: 0.9773499433748585
2025-06-03 10:45:43,495 - INFO - - validation_accuracy: 0.9773499433748585
2025-06-03 10:45:43,495 - INFO - - validation_loss: 0.16765729317973768
2025-06-03 10:45:43,495 - INFO - - validation_precision: 0.9773958917886022
2025-06-03 10:45:43,495 - INFO - - test_f1_score: 0.9336831232984366
2025-06-03 10:45:43,495 - INFO - - test_roc_auc: 0.9389636889636889
2025-06-03 10:45:43,495 - INFO - - test_loss: 0.16484098402517183
2025-06-03 10:45:43,495 - INFO - - test_recall: 0.9332566168009206
2025-06-03 10:45:43,495 - INFO - - validation_f1_score: 0.9773528507170826
2025-06-03 10:45:43,495 - INFO - - training_loss: 0.08133807017466042
2025-06-03 10:45:43,495 - INFO - - test_accuracy: 0.9332566168009206
